{"logTime": "0409/210234", "correlationVector":"MiXOdCXlqD4ibXlrm64O/k.1","action":"SyncServerConnectionManagerRequest", "result":"SYNC_SERVER_OK", "context":{"environment":"Prod_francecentral_prod-s01-062-eur-francecentral", "migrationStage":"NotStarted", "server":"akswtt11300000c"}}
{"logTime": "0409/210234", "correlationVector":"MiXOdCXlqD4ibXlrm64O/k.2","action":"ProcessGetUpdates", "result":"Done", "context":{"dataType":"Encryption Keys", "deleted":"0", "process_failed_to_decrypt":"0", "process_pending_decryption":"0", "process_success":"1", "total":"1"}}
{"logTime": "0409/210237", "correlationVector":"XWySsb1tzFWtRDvcxQXhpY","action":"SyncServerConnectionManagerRequest", "result":"SYNC_SERVER_OK", "context":{"environment":"", "migrationStage":"", "server":""}}
{"logTime": "0409/210237", "correlationVector":"XWySsb1tzFWtRDvcxQXhpY.0","action":"EncryptionKeysFetcher.DownloadKeys:", "result":"Success", "context":Key count: 1, Last key timestamp: 2026-02-20T01:54:20Z}
{"logTime": "0409/210237", "correlationVector":"XWySsb1tzFWtRDvcxQXhpY.1","action":"EncryptionKeysManager::SetEncryptionKeys:", "result":"Success", "context":Key names[1]:[18JoNNd7P1JAVjC8K1Nd5DNIAdv9AtXFZDFkWlFOSc/NZ0MPov1JPZHUqiSMjFcqwYt/mwZ/CA4xA0H3hv7mEg==]}
{"logTime": "0409/210237", "correlationVector":"XWySsb1tzFWtRDvcxQXhpY.2","action":"EncryptionKeysManager::SetEncryptionKeysWithTimestamps:", "result":"Success", "context":Key timestamps[1]:[2026-02-20T01:54:20Z]}
{"logTime": "0409/210237", "correlationVector":"MiXOdCXlqD4ibXlrm64O/k","action":"Initial GetUpdates", "result":"", "context":Reason: NEW_CLIENT. cV=MiXOdCXlqD4ibXlrm64O/k}
{"logTime": "0409/210237", "correlationVector":"MiXOdCXlqD4ibXlrm64O/k.3","action":"GetUpdates Response", "result":"Success", "context":Received 1 update(s). cV=MiXOdCXlqD4ibXlrm64O/k.0;server=akswtt11300000c;cloudType=Consumer;environment=Prod_francecentral_prod-s01-062-eur-francecentral;migrationStage=NotStarted}
{"logTime": "0409/210237", "correlationVector":"XzhXM0gxeeLLqy4+PRyfcN","action":"Initial GetUpdates", "result":"", "context":Reason: NEWLY_SUPPORTED_DATATYPE. cV=XzhXM0gxeeLLqy4+PRyfcN}
{"logTime": "0409/210238", "correlationVector":"XzhXM0gxeeLLqy4+PRyfcN.1","action":"SyncServerConnectionManagerRequest", "result":"SYNC_SERVER_OK", "context":{"environment":"Prod_francecentral_prod-s01-062-eur-francecentral", "migrationStage":"NotStarted", "server":"akswtt113000000"}}
{"logTime": "0409/210238", "correlationVector":"XzhXM0gxeeLLqy4+PRyfcN.2","action":"ProcessGetUpdates", "result":"Done", "context":{"dataType":"Preferences", "deleted":"0", "process_failed_to_decrypt":"0", "process_pending_decryption":"0", "process_success":"24", "total":"24"}}
{"logTime": "0409/210238", "correlationVector":"XzhXM0gxeeLLqy4+PRyfcN.3","action":"ProcessGetUpdates", "result":"Done", "context":{"dataType":"Device Info", "deleted":"0", "process_failed_to_decrypt":"0", "process_pending_decryption":"0", "process_success":"4", "total":"4"}}
{"logTime": "0409/210238", "correlationVector":"XzhXM0gxeeLLqy4+PRyfcN.4","action":"GetUpdates Response", "result":"Success", "context":Received 28 update(s). cV=XzhXM0gxeeLLqy4+PRyfcN.0;server=akswtt113000000;cloudType=Consumer;environment=Prod_francecentral_prod-s01-062-eur-francecentral;migrationStage=NotStarted}
{"logTime": "0409/210238", "correlationVector":"sfR0zX7Gx3tv7sDSjXmMo6","action":"Initial GetUpdates", "result":"", "context":Reason: NEWLY_SUPPORTED_DATATYPE. cV=sfR0zX7Gx3tv7sDSjXmMo6}
{"logTime": "0409/210238", "correlationVector":"sfR0zX7Gx3tv7sDSjXmMo6.1","action":"SyncServerConnectionManagerRequest", "result":"SYNC_SERVER_OK", "context":{"environment":"Prod_francecentral_prod-s01-062-eur-francecentral", "migrationStage":"NotStarted", "server":"akswtt11300000r"}}
{"logTime": "0409/210238", "correlationVector":"sfR0zX7Gx3tv7sDSjXmMo6.2","action":"ProcessGetUpdates", "result":"Done", "context":{"dataType":"Bookmarks", "deleted":"0", "process_failed_to_decrypt":"0", "process_pending_decryption":"0", "process_success":"6", "total":"6"}}
{"logTime": "0409/210238", "correlationVector":"sfR0zX7Gx3tv7sDSjXmMo6.3","action":"GetUpdates Response", "result":"Success", "context":Received 6 update(s). cV=sfR0zX7Gx3tv7sDSjXmMo6.0;server=akswtt11300000r;cloudType=Consumer;environment=Prod_francecentral_prod-s01-062-eur-francecentral;migrationStage=NotStarted}
{"logTime": "0409/210238", "correlationVector":"aOFX1KIV+mbjgZgkKxl0eZ","action":"Initial GetUpdates", "result":"", "context":Reason: NEWLY_SUPPORTED_DATATYPE. cV=aOFX1KIV+mbjgZgkKxl0eZ}
{"logTime": "0409/210238", "correlationVector":"aOFX1KIV+mbjgZgkKxl0eZ.1","action":"SyncServerConnectionManagerRequest", "result":"SYNC_SERVER_OK", "context":{"environment":"Prod_francecentral_prod-s01-062-eur-francecentral", "migrationStage":"NotStarted", "server":"akswtt11300000i"}}
{"logTime": "0409/210238", "correlationVector":"aOFX1KIV+mbjgZgkKxl0eZ.2","action":"ProcessGetUpdates", "result":"Done", "context":{"dataType":"Autofill", "deleted":"0", "process_failed_to_decrypt":"0", "process_pending_decryption":"0", "process_success":"1", "total":"1"}}
{"logTime": "0409/210238", "correlationVector":"aOFX1KIV+mbjgZgkKxl0eZ.3","action":"GetUpdates Response", "result":"Success", "context":Received 1 update(s). cV=aOFX1KIV+mbjgZgkKxl0eZ.0;server=akswtt11300000i;cloudType=Consumer;environment=Prod_francecentral_prod-s01-062-eur-francecentral;migrationStage=NotStarted}
{"logTime": "0409/210238", "correlationVector":"nsT01MQQyqPLnMMN34eOuW","action":"Initial GetUpdates", "result":"", "context":Reason: NEWLY_SUPPORTED_DATATYPE. cV=nsT01MQQyqPLnMMN34eOuW}
{"logTime": "0409/210238", "correlationVector":"nsT01MQQyqPLnMMN34eOuW.1","action":"SyncServerConnectionManagerRequest", "result":"SYNC_SERVER_OK", "context":{"environment":"Prod_francecentral_prod-s01-062-eur-francecentral", "migrationStage":"NotStarted", "server":"akswtt113000015"}}
{"logTime": "0409/210238", "correlationVector":"nsT01MQQyqPLnMMN34eOuW.2","action":"GetUpdates Response", "result":"Success", "context":Received 0 update(s). cV=nsT01MQQyqPLnMMN34eOuW.0;server=akswtt113000015;cloudType=Consumer;environment=Prod_francecentral_prod-s01-062-eur-francecentral;migrationStage=NotStarted}
{"logTime": "0409/210238", "correlationVector":"h+iarZQr7ztwWIWWQgtNa6","action":"Normal GetUpdate request", "result":"", "context":cV=h+iarZQr7ztwWIWWQgtNa6
Nudged types: Sessions, Device Info, User Consents
Refresh requested types: Bookmarks, Preferences, Passwords, Autofill Profiles, Autofill, Extensions, Sessions, Extension settings, History Delete Directives, Device Info, User Consents, Send Tab To Self, Web Apps, History, Saved Tab Group, WebAuthn Credentials, Collection, Edge E Drop, Edge Hub App Usage, Edge Wallet, Edge Workspace, Encryption Keys}
{"logTime": "0409/210238", "correlationVector":"h+iarZQr7ztwWIWWQgtNa6.1","action":"SyncServerConnectionManagerRequest", "result":"SYNC_SERVER_OK", "context":{"environment":"Prod_francecentral_prod-s01-062-eur-francecentral", "migrationStage":"NotStarted", "server":"akswtt11300000o"}}
{"logTime": "0409/210238", "correlationVector":"h+iarZQr7ztwWIWWQgtNa6.2","action":"GetUpdates Response", "result":"Success", "context":Received 0 update(s). cV=h+iarZQr7ztwWIWWQgtNa6.0;server=akswtt11300000o;cloudType=Consumer;environment=Prod_francecentral_prod-s01-062-eur-francecentral;migrationStage=NotStarted}
{"logTime": "0409/210238", "correlationVector":"capQjvzmbo4yK3i1x5Axa9","action":"DoCompareDataConsistency requsted types: ", "result":"Bookmarks, Preferences, Passwords, Extensions, Extension settings, History Delete Directives, Send Tab To Self, Web Apps, History, Saved Tab Group, WebAuthn Credentials, Collection, Edge E Drop, Edge Wallet, Edge Workspace, Encryption Keys"}
{"logTime": "0409/210238", "correlationVector":"capQjvzmbo4yK3i1x5Axa9.0","action":"CompareDataConsistency result: ", "result":"Compare result: Encryption Keys is consistent. local entities count is: 1 local entities hash is: FiTGEOriqyhHLc4mdvYwAm7ZfZY="}
{"logTime": "0409/210238", "correlationVector":"capQjvzmbo4yK3i1x5Axa9.1","action":"CompareDataConsistency result: ", "result":"Compare result: Bookmarks is consistent. local entities count is: 0 local entities hash is: "}
{"logTime": "0409/210238", "correlationVector":"capQjvzmbo4yK3i1x5Axa9.2","action":"CompareDataConsistency result: ", "result":"Compare result: Preferences is consistent. local entities count is: 24 local entities hash is: +tXtyaOTmPGuWfxR6+AV5lhRS3s="}
{"logTime": "0409/210238", "correlationVector":"capQjvzmbo4yK3i1x5Axa9.3","action":"CompareDataConsistency result: ", "result":"Compare result: Extensions is consistent. local entities count is: 0 local entities hash is: "}
{"logTime": "0409/210238", "correlationVector":"capQjvzmbo4yK3i1x5Axa9.4","action":"CompareDataConsistency result: ", "result":"Compare result: Extension settings is consistent. local entities count is: 0 local entities hash is: "}
{"logTime": "0409/210238", "correlationVector":"capQjvzmbo4yK3i1x5Axa9.5","action":"CompareDataConsistency result: ", "result":"Compare result: History Delete Directives is consistent. local entities count is: 0 local entities hash is: "}
{"logTime": "0409/210238", "correlationVector":"capQjvzmbo4yK3i1x5Axa9.6","action":"CompareDataConsistency result: ", "result":"Server did not send this Send Tab To Self local entities count is: 0 local entities hash is: "}
{"logTime": "0409/210238", "correlationVector":"capQjvzmbo4yK3i1x5Axa9.7","action":"CompareDataConsistency result: ", "result":"Compare result: Web Apps is consistent. local entities count is: 0 local entities hash is: "}
{"logTime": "0409/210238", "correlationVector":"capQjvzmbo4yK3i1x5Axa9.8","action":"CompareDataConsistency result: ", "result":"Server did not send this History local entities count is: 0 local entities hash is: "}
{"logTime": "0409/210238", "correlationVector":"capQjvzmbo4yK3i1x5Axa9.9","action":"CompareDataConsistency result: ", "result":"Compare result: Saved Tab Group is consistent. local entities count is: 0 local entities hash is: "}
{"logTime": "0409/210238", "correlationVector":"capQjvzmbo4yK3i1x5Axa9.10","action":"CompareDataConsistency result: ", "result":"Server did not send this WebAuthn Credentials local entities count is: 0 local entities hash is: "}
{"logTime": "0409/210238", "correlationVector":"capQjvzmbo4yK3i1x5Axa9.11","action":"CompareDataConsistency result: ", "result":"Compare result: Collection is consistent. local entities count is: 0 local entities hash is: "}
{"logTime": "0409/210238", "correlationVector":"capQjvzmbo4yK3i1x5Axa9.12","action":"CompareDataConsistency result: ", "result":"Compare result: Edge E Drop is consistent. local entities count is: 0 local entities hash is: "}
{"logTime": "0409/210238", "correlationVector":"capQjvzmbo4yK3i1x5Axa9.13","action":"CompareDataConsistency result: ", "result":"Compare result: Edge Wallet is consistent. local entities count is: 0 local entities hash is: "}
{"logTime": "0409/210238", "correlationVector":"capQjvzmbo4yK3i1x5Axa9.14","action":"CompareDataConsistency result: ", "result":"Server did not send this Edge Workspace local entities count is: 0 local entities hash is: "}
{"logTime": "0409/210238", "correlationVector":"capQjvzmbo4yK3i1x5Axa9.15","action":"CompareDataConsistency result: ", "result":"Compare result: Passwords is consistent. local entities count is: 0 local entities hash is: "}
{"logTime": "0409/210238", "correlationVector":"WxT2PSJr3PrG3TiG9pgdqW","action":"Commit Request", "result":"", "context":Item count: 4
Contributing types: Sessions, Device Info, User Consents}
{"logTime": "0409/210239", "correlationVector":"WxT2PSJr3PrG3TiG9pgdqW.1","action":"SyncServerConnectionManagerRequest", "result":"SYNC_SERVER_OK", "context":{"environment":"Prod_francecentral_prod-s01-062-eur-francecentral", "migrationStage":"NotStarted", "server":"akswtt113000018"}}
{"logTime": "0409/210239", "correlationVector":"WxT2PSJr3PrG3TiG9pgdqW.2","action":"Commit Response", "result":"Success", "context":Result: Success. cV=WxT2PSJr3PrG3TiG9pgdqW.0;server=akswtt113000018;cloudType=Consumer;environment=Prod_francecentral_prod-s01-062-eur-francecentral;migrationStage=NotStarted}
{"logTime": "0409/210239", "correlationVector":"","action":"DIAGNOSTIC_REQUEST|v1/diagnosticData/Diagnostic.SendCheckResult()|SUCCESS", "result":""}
{"logTime": "0409/210239", "correlationVector":"q9cYP4Sn7S7MmqfEHLxeYu","action":"Commit Request", "result":"", "context":Item count: 2
Contributing types: Sessions, History}
{"logTime": "0409/210239", "correlationVector":"q9cYP4Sn7S7MmqfEHLxeYu.1","action":"SyncServerConnectionManagerRequest", "result":"SYNC_SERVER_OK", "context":{"environment":"Prod_francecentral_prod-s01-062-eur-francecentral", "migrationStage":"NotStarted", "server":"akswtt113000015"}}
{"logTime": "0409/210239", "correlationVector":"q9cYP4Sn7S7MmqfEHLxeYu.2","action":"Commit Response", "result":"Success", "context":Result: Success. cV=q9cYP4Sn7S7MmqfEHLxeYu.0;server=akswtt113000015;cloudType=Consumer;environment=Prod_francecentral_prod-s01-062-eur-francecentral;migrationStage=NotStarted}
{"logTime": "0409/210245", "correlationVector":"5bmwtLOgNiQFEGLIhJvtP8","action":"Commit Request", "result":"", "context":Item count: 2
Contributing types: Preferences, Sessions}
{"logTime": "0409/210245", "correlationVector":"5bmwtLOgNiQFEGLIhJvtP8.1","action":"SyncServerConnectionManagerRequest", "result":"SYNC_SERVER_OK", "context":{"environment":"Prod_francecentral_prod-s01-062-eur-francecentral", "migrationStage":"NotStarted", "server":"akswtt11300000r"}}
{"logTime": "0409/210245", "correlationVector":"5bmwtLOgNiQFEGLIhJvtP8.2","action":"Commit Response", "result":"Success", "context":Result: Success. cV=5bmwtLOgNiQFEGLIhJvtP8.0;server=akswtt11300000r;cloudType=Consumer;environment=Prod_francecentral_prod-s01-062-eur-francecentral;migrationStage=NotStarted}
{"logTime": "0409/210300", "correlationVector":"C+EcAsHOFCGG12elawUSxl","action":"Commit Request", "result":"", "context":Item count: 1
Contributing types: User Consents}
{"logTime": "0409/210300", "correlationVector":"C+EcAsHOFCGG12elawUSxl.1","action":"SyncServerConnectionManagerRequest", "result":"SYNC_SERVER_OK", "context":{"environment":"Prod_francecentral_prod-s01-062-eur-francecentral", "migrationStage":"NotStarted", "server":"akswtt11300000o"}}
{"logTime": "0409/210300", "correlationVector":"C+EcAsHOFCGG12elawUSxl.2","action":"Commit Response", "result":"Success", "context":Result: Success. cV=C+EcAsHOFCGG12elawUSxl.0;server=akswtt11300000o;cloudType=Consumer;environment=Prod_francecentral_prod-s01-062-eur-francecentral;migrationStage=NotStarted}
{"logTime": "0409/212512", "correlationVector":"MgDhcHCUmGEquph0Y/vs8v.1","action":"SyncServerConnectionManagerRequest", "result":"SYNC_SERVER_OK", "context":{"environment":"Prod_francecentral_prod-s01-062-eur-francecentral", "migrationStage":"NotStarted", "server":"akswtt113000019"}}
{"logTime": "0409/212512", "correlationVector":"MgDhcHCUmGEquph0Y/vs8v.2","action":"ProcessGetUpdates", "result":"Done", "context":{"dataType":"Encryption Keys", "deleted":"0", "process_failed_to_decrypt":"0", "process_pending_decryption":"0", "process_success":"1", "total":"1"}}
{"logTime": "0409/212513", "correlationVector":"S/quevyXoEQy6J6Ox1CxNy","action":"SyncServerConnectionManagerRequest", "result":"SYNC_SERVER_OK", "context":{"environment":"", "migrationStage":"", "server":""}}
{"logTime": "0409/212513", "correlationVector":"S/quevyXoEQy6J6Ox1CxNy.0","action":"EncryptionKeysFetcher.DownloadKeys:", "result":"Success", "context":Key count: 1, Last key timestamp: 2026-02-20T01:54:20Z}
{"logTime": "0409/212513", "correlationVector":"S/quevyXoEQy6J6Ox1CxNy.1","action":"EncryptionKeysManager::SetEncryptionKeys:", "result":"Success", "context":Key names[1]:[18JoNNd7P1JAVjC8K1Nd5DNIAdv9AtXFZDFkWlFOSc/NZ0MPov1JPZHUqiSMjFcqwYt/mwZ/CA4xA0H3hv7mEg==]}
{"logTime": "0409/212513", "correlationVector":"S/quevyXoEQy6J6Ox1CxNy.2","action":"EncryptionKeysManager::SetEncryptionKeysWithTimestamps:", "result":"Success", "context":Key timestamps[1]:[2026-02-20T01:54:20Z]}
{"logTime": "0409/212513", "correlationVector":"MgDhcHCUmGEquph0Y/vs8v","action":"Initial GetUpdates", "result":"", "context":Reason: NEW_CLIENT. cV=MgDhcHCUmGEquph0Y/vs8v}
{"logTime": "0409/212513", "correlationVector":"MgDhcHCUmGEquph0Y/vs8v.3","action":"GetUpdates Response", "result":"Success", "context":Received 1 update(s). cV=MgDhcHCUmGEquph0Y/vs8v.0;server=akswtt113000019;cloudType=Consumer;environment=Prod_francecentral_prod-s01-062-eur-francecentral;migrationStage=NotStarted}
{"logTime": "0409/212513", "correlationVector":"IBU22+c/YwYoKfbS2Rf1u2","action":"Normal GetUpdate request", "result":"", "context":cV=IBU22+c/YwYoKfbS2Rf1u2
Nudged types: Preferences, Sessions, Device Info, History
Refresh requested types: Bookmarks, Preferences, Passwords, Autofill Profiles, Autofill, Extensions, Sessions, Extension settings, History Delete Directives, Device Info, User Consents, Send Tab To Self, Web Apps, History, Saved Tab Group, WebAuthn Credentials, Collection, Edge E Drop, Edge Hub App Usage, Edge Wallet, Edge Workspace, Encryption Keys}
{"logTime": "0409/212514", "correlationVector":"IBU22+c/YwYoKfbS2Rf1u2.1","action":"SyncServerConnectionManagerRequest", "result":"SYNC_SERVER_OK", "context":{"environment":"Prod_francecentral_prod-s01-062-eur-francecentral", "migrationStage":"NotStarted", "server":"akswtt11300000j"}}
{"logTime": "0409/212514", "correlationVector":"IBU22+c/YwYoKfbS2Rf1u2.2","action":"ProcessGetUpdates", "result":"Done", "context":{"dataType":"Preferences", "deleted":"0", "process_failed_to_decrypt":"0", "process_pending_decryption":"0", "process_success":"1", "total":"1"}}
{"logTime": "0409/212514", "correlationVector":"IBU22+c/YwYoKfbS2Rf1u2.3","action":"ProcessGetUpdates", "result":"Done", "context":{"dataType":"Sessions", "deleted":"0", "process_failed_to_decrypt":"0", "process_pending_decryption":"0", "process_success":"2", "total":"2"}}
{"logTime": "0409/212514", "correlationVector":"IBU22+c/YwYoKfbS2Rf1u2.4","action":"ProcessGetUpdates", "result":"Done", "context":{"dataType":"Device Info", "deleted":"0", "process_failed_to_decrypt":"0", "process_pending_decryption":"0", "process_success":"1", "total":"1"}}
{"logTime": "0409/212514", "correlationVector":"IBU22+c/YwYoKfbS2Rf1u2.5","action":"ProcessGetUpdates", "result":"Done", "context":{"dataType":"History", "deleted":"0", "process_failed_to_decrypt":"0", "process_pending_decryption":"0", "process_success":"1", "total":"1"}}
{"logTime": "0409/212514", "correlationVector":"IBU22+c/YwYoKfbS2Rf1u2.6","action":"GetUpdates Response", "result":"Success", "context":Received 5 update(s). cV=IBU22+c/YwYoKfbS2Rf1u2.0;server=akswtt11300000j;cloudType=Consumer;environment=Prod_francecentral_prod-s01-062-eur-francecentral;migrationStage=NotStarted}
{"logTime": "0409/212514", "correlationVector":"DoPo+cKxBB0tNGm8weNseB","action":"Commit Request", "result":"", "context":Item count: 9
Contributing types: Preferences, Sessions, Device Info, History}
{"logTime": "0409/212515", "correlationVector":"DoPo+cKxBB0tNGm8weNseB.1","action":"SyncServerConnectionManagerRequest", "result":"SYNC_SERVER_OK", "context":{"environment":"Prod_francecentral_prod-s01-062-eur-francecentral", "migrationStage":"NotStarted", "server":"akswtt11300000h"}}
{"logTime": "0409/212515", "correlationVector":"DoPo+cKxBB0tNGm8weNseB.3","action":"Commit.Sessions", "result":"Success", "context":{"id":"33ad132b-7b8e-4d79-a0d0-adee63669fcd", "isDeleted":"true", "size":"0", "version":"1775768565641"}}
{"logTime": "0409/212515", "correlationVector":"DoPo+cKxBB0tNGm8weNseB.2","action":"Commit Response", "result":"Success", "context":Result: Success. cV=DoPo+cKxBB0tNGm8weNseB.0;server=akswtt11300000h;cloudType=Consumer;environment=Prod_francecentral_prod-s01-062-eur-francecentral;migrationStage=NotStarted}
{"logTime": "0409/212617", "correlationVector":"U74zIWPPAHPE1gEd9fpY1f","action":"Commit Request", "result":"", "context":Item count: 2
Contributing types: Sessions, History}
{"logTime": "0409/212617", "correlationVector":"U74zIWPPAHPE1gEd9fpY1f.1","action":"SyncServerConnectionManagerRequest", "result":"SYNC_SERVER_OK", "context":{"environment":"Prod_francecentral_prod-s01-062-eur-francecentral", "migrationStage":"NotStarted", "server":"akswtt113000014"}}
{"logTime": "0409/212617", "correlationVector":"U74zIWPPAHPE1gEd9fpY1f.2","action":"Commit Response", "result":"Success", "context":Result: Success. cV=U74zIWPPAHPE1gEd9fpY1f.0;server=akswtt113000014;cloudType=Consumer;environment=Prod_francecentral_prod-s01-062-eur-francecentral;migrationStage=NotStarted}
{"logTime": "0409/212752", "correlationVector":"kjeCxRIBm4zKQJafURiVbH","action":"Commit Request", "result":"", "context":Item count: 1
Contributing types: History}
{"logTime": "0409/212753", "correlationVector":"kjeCxRIBm4zKQJafURiVbH.1","action":"SyncServerConnectionManagerRequest", "result":"SYNC_SERVER_OK", "context":{"environment":"Prod_francecentral_prod-s01-062-eur-francecentral", "migrationStage":"NotStarted", "server":"akswtt113000019"}}
{"logTime": "0409/212753", "correlationVector":"kjeCxRIBm4zKQJafURiVbH.2","action":"Commit Response", "result":"Success", "context":Result: Success. cV=kjeCxRIBm4zKQJafURiVbH.0;server=akswtt113000019;cloudType=Consumer;environment=Prod_francecentral_prod-s01-062-eur-francecentral;migrationStage=NotStarted}
{"logTime": "0413/113844", "correlationVector":"NEK9LYt3AnyY2h/NQ5o4vB.1","action":"SyncServerConnectionManagerRequest", "result":"SYNC_SERVER_OK", "context":{"environment":"Prod_francecentral_prod-s01-062-eur-francecentral", "migrationStage":"NotStarted", "server":"akswtt113000004"}}
{"logTime": "0413/113844", "correlationVector":"NEK9LYt3AnyY2h/NQ5o4vB.2","action":"ProcessGetUpdates", "result":"Done", "context":{"dataType":"Encryption Keys", "deleted":"0", "process_failed_to_decrypt":"0", "process_pending_decryption":"0", "process_success":"1", "total":"1"}}
{"logTime": "0413/113845", "correlationVector":"euAd61+d6fAxBU2sVtfeD4","action":"SyncServerConnectionManagerRequest", "result":"SYNC_SERVER_OK", "context":{"environment":"", "migrationStage":"", "server":""}}
{"logTime": "0413/113845", "correlationVector":"euAd61+d6fAxBU2sVtfeD4.0","action":"EncryptionKeysFetcher.DownloadKeys:", "result":"Success", "context":Key count: 1, Last key timestamp: 2026-02-20T01:54:20Z}
{"logTime": "0413/113845", "correlationVector":"euAd61+d6fAxBU2sVtfeD4.1","action":"EncryptionKeysManager::SetEncryptionKeys:", "result":"Success", "context":Key names[1]:[18JoNNd7P1JAVjC8K1Nd5DNIAdv9AtXFZDFkWlFOSc/NZ0MPov1JPZHUqiSMjFcqwYt/mwZ/CA4xA0H3hv7mEg==]}
{"logTime": "0413/113845", "correlationVector":"euAd61+d6fAxBU2sVtfeD4.2","action":"EncryptionKeysManager::SetEncryptionKeysWithTimestamps:", "result":"Success", "context":Key timestamps[1]:[2026-02-20T01:54:20Z]}
{"logTime": "0413/113845", "correlationVector":"NEK9LYt3AnyY2h/NQ5o4vB","action":"Initial GetUpdates", "result":"", "context":Reason: NEW_CLIENT. cV=NEK9LYt3AnyY2h/NQ5o4vB}
{"logTime": "0413/113845", "correlationVector":"NEK9LYt3AnyY2h/NQ5o4vB.3","action":"GetUpdates Response", "result":"Success", "context":Received 1 update(s). cV=NEK9LYt3AnyY2h/NQ5o4vB.0;server=akswtt113000004;cloudType=Consumer;environment=Prod_francecentral_prod-s01-062-eur-francecentral;migrationStage=NotStarted}
{"logTime": "0413/113845", "correlationVector":"iWa88EXvusM5IUCFeR1/4y","action":"Initial GetUpdates", "result":"", "context":Reason: NEWLY_SUPPORTED_DATATYPE. cV=iWa88EXvusM5IUCFeR1/4y}
{"logTime": "0413/113845", "correlationVector":"iWa88EXvusM5IUCFeR1/4y.1","action":"SyncServerConnectionManagerRequest", "result":"SYNC_SERVER_OK", "context":{"environment":"Prod_westeurope_prod-s01-080-eur-westeurope", "migrationStage":"NotStarted", "server":"akswtt00000000m"}}
{"logTime": "0413/113845", "correlationVector":"iWa88EXvusM5IUCFeR1/4y.2","action":"ProcessGetUpdates", "result":"Done", "context":{"dataType":"Preferences", "deleted":"0", "process_failed_to_decrypt":"0", "process_pending_decryption":"0", "process_success":"28", "total":"28"}}
{"logTime": "0413/113845", "correlationVector":"iWa88EXvusM5IUCFeR1/4y.3","action":"ProcessGetUpdates", "result":"Done", "context":{"dataType":"Device Info", "deleted":"0", "process_failed_to_decrypt":"0", "process_pending_decryption":"0", "process_success":"7", "total":"7"}}
{"logTime": "0413/113845", "correlationVector":"iWa88EXvusM5IUCFeR1/4y.4","action":"GetUpdates Response", "result":"Success", "context":Received 35 update(s). cV=iWa88EXvusM5IUCFeR1/4y.0;server=akswtt00000000m;cloudType=Consumer;environment=Prod_westeurope_prod-s01-080-eur-westeurope;migrationStage=NotStarted}
{"logTime": "0413/113845", "correlationVector":"vXjBBnWMYNV7ISMYpo0l3y","action":"Initial GetUpdates", "result":"", "context":Reason: NEWLY_SUPPORTED_DATATYPE. cV=vXjBBnWMYNV7ISMYpo0l3y}
{"logTime": "0413/113846", "correlationVector":"vXjBBnWMYNV7ISMYpo0l3y.1","action":"SyncServerConnectionManagerRequest", "result":"SYNC_SERVER_OK", "context":{"environment":"Prod_westeurope_prod-s01-080-eur-westeurope", "migrationStage":"NotStarted", "server":"akswtt00000000g"}}
{"logTime": "0413/113846", "correlationVector":"vXjBBnWMYNV7ISMYpo0l3y.2","action":"ProcessGetUpdates", "result":"Done", "context":{"dataType":"Bookmarks", "deleted":"0", "process_failed_to_decrypt":"0", "process_pending_decryption":"0", "process_success":"6", "total":"6"}}
{"logTime": "0413/113846", "correlationVector":"vXjBBnWMYNV7ISMYpo0l3y.3","action":"GetUpdates Response", "result":"Success", "context":Received 6 update(s). cV=vXjBBnWMYNV7ISMYpo0l3y.0;server=akswtt00000000g;cloudType=Consumer;environment=Prod_westeurope_prod-s01-080-eur-westeurope;migrationStage=NotStarted}
{"logTime": "0413/113846", "correlationVector":"k4V5OsHRCfhTd8S0IPPTkN","action":"Initial GetUpdates", "result":"", "context":Reason: NEWLY_SUPPORTED_DATATYPE. cV=k4V5OsHRCfhTd8S0IPPTkN}
{"logTime": "0413/113846", "correlationVector":"k4V5OsHRCfhTd8S0IPPTkN.1","action":"SyncServerConnectionManagerRequest", "result":"SYNC_SERVER_OK", "context":{"environment":"Prod_francecentral_prod-s01-062-eur-francecentral", "migrationStage":"NotStarted", "server":"akswtt11300000a"}}
{"logTime": "0413/113846", "correlationVector":"k4V5OsHRCfhTd8S0IPPTkN.2","action":"ProcessGetUpdates", "result":"Done", "context":{"dataType":"Autofill", "deleted":"0", "process_failed_to_decrypt":"0", "process_pending_decryption":"0", "process_success":"1", "total":"1"}}
{"logTime": "0413/113846", "correlationVector":"k4V5OsHRCfhTd8S0IPPTkN.3","action":"ProcessGetUpdates", "result":"Done", "context":{"dataType":"Sessions", "deleted":"1", "process_failed_to_decrypt":"0", "process_pending_decryption":"0", "process_success":"7", "total":"7"}}
{"logTime": "0413/113846", "correlationVector":"k4V5OsHRCfhTd8S0IPPTkN.4","action":"GetUpdates Response", "result":"Success", "context":Received 8 update(s). cV=k4V5OsHRCfhTd8S0IPPTkN.0;server=akswtt11300000a;cloudType=Consumer;environment=Prod_francecentral_prod-s01-062-eur-francecentral;migrationStage=NotStarted}
{"logTime": "0413/113846", "correlationVector":"eywO3TyF3c2LHwvKE+fJpc","action":"Initial GetUpdates", "result":"", "context":Reason: NEWLY_SUPPORTED_DATATYPE. cV=eywO3TyF3c2LHwvKE+fJpc}
{"logTime": "0413/113846", "correlationVector":"eywO3TyF3c2LHwvKE+fJpc.1","action":"SyncServerConnectionManagerRequest", "result":"SYNC_SERVER_OK", "context":{"environment":"Prod_germanywestcentral_prod-s01-010-eur-germanywestcentral", "migrationStage":"NotStarted", "server":"akswtt00000000f"}}
{"logTime": "0413/113846", "correlationVector":"eywO3TyF3c2LHwvKE+fJpc.2","action":"ProcessGetUpdates", "result":"Done", "context":{"dataType":"History", "deleted":"0", "process_failed_to_decrypt":"0", "process_pending_decryption":"0", "process_success":"4", "total":"4"}}
{"logTime": "0413/113846", "correlationVector":"eywO3TyF3c2LHwvKE+fJpc.3","action":"GetUpdates Response", "result":"Success", "context":Received 4 update(s). cV=eywO3TyF3c2LHwvKE+fJpc.0;server=akswtt00000000f;cloudType=Consumer;environment=Prod_germanywestcentral_prod-s01-010-eur-germanywestcentral;migrationStage=NotStarted}
{"logTime": "0413/113846", "correlationVector":"xA99c31LLth77WgGaUf/k2","action":"Normal GetUpdate request", "result":"", "context":cV=xA99c31LLth77WgGaUf/k2
Nudged types: Sessions, Device Info
Refresh requested types: Bookmarks, Preferences, Passwords, Autofill Profiles, Autofill, Extensions, Sessions, Extension settings, History Delete Directives, Device Info, User Consents, Send Tab To Self, Web Apps, History, Saved Tab Group, WebAuthn Credentials, Collection, Edge E Drop, Edge Hub App Usage, Edge Wallet, Edge Workspace, Encryption Keys}
{"logTime": "0413/113847", "correlationVector":"xA99c31LLth77WgGaUf/k2.1","action":"SyncServerConnectionManagerRequest", "result":"SYNC_SERVER_OK", "context":{"environment":"Prod_francecentral_prod-s01-062-eur-francecentral", "migrationStage":"NotStarted", "server":"akswtt11300000x"}}
{"logTime": "0413/113847", "correlationVector":"xA99c31LLth77WgGaUf/k2.2","action":"GetUpdates Response", "result":"Success", "context":Received 0 update(s). cV=xA99c31LLth77WgGaUf/k2.0;server=akswtt11300000x;cloudType=Consumer;environment=Prod_francecentral_prod-s01-062-eur-francecentral;migrationStage=NotStarted}
{"logTime": "0413/113847", "correlationVector":"Rhyf2IX+21/FpVv2hH5DkF","action":"DoCompareDataConsistency requsted types: ", "result":"Bookmarks, Preferences, Passwords, Extensions, Extension settings, History Delete Directives, Send Tab To Self, Web Apps, History, Saved Tab Group, WebAuthn Credentials, Collection, Edge E Drop, Edge Wallet, Edge Workspace, Encryption Keys"}
{"logTime": "0413/113847", "correlationVector":"Rhyf2IX+21/FpVv2hH5DkF.0","action":"CompareDataConsistency result: ", "result":"Compare result: Encryption Keys is consistent. local entities count is: 1 local entities hash is: FiTGEOriqyhHLc4mdvYwAm7ZfZY="}
{"logTime": "0413/113847", "correlationVector":"Rhyf2IX+21/FpVv2hH5DkF.1","action":"CompareDataConsistency result: ", "result":"Compare result: Bookmarks is consistent. local entities count is: 0 local entities hash is: "}
{"logTime": "0413/113847", "correlationVector":"Rhyf2IX+21/FpVv2hH5DkF.2","action":"CompareDataConsistency result: ", "result":"Compare result: Preferences is consistent. local entities count is: 28 local entities hash is: Cp2yt/rcIrwM96aWdvqdpCjXayw="}
{"logTime": "0413/113847", "correlationVector":"Rhyf2IX+21/FpVv2hH5DkF.3","action":"CompareDataConsistency result: ", "result":"Compare result: Extensions is consistent. local entities count is: 0 local entities hash is: "}
{"logTime": "0413/113847", "correlationVector":"Rhyf2IX+21/FpVv2hH5DkF.4","action":"CompareDataConsistency result: ", "result":"Compare result: Extension settings is consistent. local entities count is: 0 local entities hash is: "}
{"logTime": "0413/113847", "correlationVector":"Rhyf2IX+21/FpVv2hH5DkF.5","action":"CompareDataConsistency result: ", "result":"Compare result: History Delete Directives is consistent. local entities count is: 0 local entities hash is: "}
{"logTime": "0413/113847", "correlationVector":"Rhyf2IX+21/FpVv2hH5DkF.6","action":"CompareDataConsistency result: ", "result":"Server did not send this Send Tab To Self local entities count is: 0 local entities hash is: "}
{"logTime": "0413/113847", "correlationVector":"Rhyf2IX+21/FpVv2hH5DkF.7","action":"CompareDataConsistency result: ", "result":"Compare result: Web Apps is consistent. local entities count is: 0 local entities hash is: "}
{"logTime": "0413/113847", "correlationVector":"Rhyf2IX+21/FpVv2hH5DkF.8","action":"CompareDataConsistency result: ", "result":"Server did not send this History local entities count is: 0 local entities hash is: "}
{"logTime": "0413/113847", "correlationVector":"Rhyf2IX+21/FpVv2hH5DkF.9","action":"CompareDataConsistency result: ", "result":"Compare result: Saved Tab Group is consistent. local entities count is: 0 local entities hash is: "}
{"logTime": "0413/113847", "correlationVector":"Rhyf2IX+21/FpVv2hH5DkF.10","action":"CompareDataConsistency result: ", "result":"Server did not send this WebAuthn Credentials local entities count is: 0 local entities hash is: "}
{"logTime": "0413/113847", "correlationVector":"Rhyf2IX+21/FpVv2hH5DkF.11","action":"CompareDataConsistency result: ", "result":"Compare result: Collection is consistent. local entities count is: 0 local entities hash is: "}
{"logTime": "0413/113847", "correlationVector":"Rhyf2IX+21/FpVv2hH5DkF.12","action":"CompareDataConsistency result: ", "result":"Compare result: Edge E Drop is consistent. local entities count is: 0 local entities hash is: "}
{"logTime": "0413/113847", "correlationVector":"Rhyf2IX+21/FpVv2hH5DkF.13","action":"CompareDataConsistency result: ", "result":"Compare result: Edge Wallet is consistent. local entities count is: 0 local entities hash is: "}
{"logTime": "0413/113847", "correlationVector":"Rhyf2IX+21/FpVv2hH5DkF.14","action":"CompareDataConsistency result: ", "result":"Server did not send this Edge Workspace local entities count is: 0 local entities hash is: "}
{"logTime": "0413/113847", "correlationVector":"Rhyf2IX+21/FpVv2hH5DkF.15","action":"CompareDataConsistency result: ", "result":"Compare result: Passwords is consistent. local entities count is: 0 local entities hash is: "}
{"logTime": "0413/113847", "correlationVector":"H6NucumcJyPzkK1zZ6yaMD","action":"Commit Request", "result":"", "context":Item count: 3
Contributing types: Sessions, Device Info}
{"logTime": "0413/113848", "correlationVector":"H6NucumcJyPzkK1zZ6yaMD.1","action":"SyncServerConnectionManagerRequest", "result":"SYNC_SERVER_OK", "context":{"environment":"Prod_westeurope_prod-s01-080-eur-westeurope", "migrationStage":"NotStarted", "server":"akswtt00000000r"}}
{"logTime": "0413/113848", "correlationVector":"H6NucumcJyPzkK1zZ6yaMD.2","action":"Commit Response", "result":"Success", "context":Result: Success. cV=H6NucumcJyPzkK1zZ6yaMD.0;server=akswtt00000000r;cloudType=Consumer;environment=Prod_westeurope_prod-s01-080-eur-westeurope;migrationStage=NotStarted}
{"logTime": "0413/113848", "correlationVector":"","action":"DIAGNOSTIC_REQUEST|v1/diagnosticData/Diagnostic.SendCheckResult()|SUCCESS", "result":""}
{"logTime": "0413/113953", "correlationVector":"8FJxdwUEsYd173gbJdbfiy","action":"Commit Request", "result":"", "context":Item count: 2
Contributing types: Sessions, History}
{"logTime": "0413/113954", "correlationVector":"8FJxdwUEsYd173gbJdbfiy.1","action":"SyncServerConnectionManagerRequest", "result":"SYNC_SERVER_OK", "context":{"environment":"Prod_francecentral_prod-s01-062-eur-francecentral", "migrationStage":"NotStarted", "server":"akswtt11300000a"}}
{"logTime": "0413/113954", "correlationVector":"8FJxdwUEsYd173gbJdbfiy.2","action":"Commit Response", "result":"Success", "context":Result: Success. cV=8FJxdwUEsYd173gbJdbfiy.0;server=akswtt11300000a;cloudType=Consumer;environment=Prod_francecentral_prod-s01-062-eur-francecentral;migrationStage=NotStarted}
{"logTime": "0413/114115", "correlationVector":"vRDRduIAdzBQdAZhM5HAve","action":"Commit Request", "result":"", "context":Item count: 1
Contributing types: History}
{"logTime": "0413/114116", "correlationVector":"vRDRduIAdzBQdAZhM5HAve.1","action":"SyncServerConnectionManagerRequest", "result":"SYNC_SERVER_OK", "context":{"environment":"Prod_germanywestcentral_prod-s01-010-eur-germanywestcentral", "migrationStage":"NotStarted", "server":"akswtt000000009"}}
{"logTime": "0413/114116", "correlationVector":"vRDRduIAdzBQdAZhM5HAve.2","action":"Commit Response", "result":"Success", "context":Result: Success. cV=vRDRduIAdzBQdAZhM5HAve.0;server=akswtt000000009;cloudType=Consumer;environment=Prod_germanywestcentral_prod-s01-010-eur-germanywestcentral;migrationStage=NotStarted}
{"logTime": "0413/114501", "correlationVector":"5U3n6QXEfldg5JjXSrT1P0","action":"Commit Request", "result":"", "context":Item count: 1
Contributing types: Sessions}
{"logTime": "0413/114501", "correlationVector":"5U3n6QXEfldg5JjXSrT1P0.1","action":"SyncServerConnectionManagerRequest", "result":"SYNC_SERVER_OK", "context":{"environment":"Prod_francecentral_prod-s01-062-eur-francecentral", "migrationStage":"NotStarted", "server":"akswtt11300001q"}}
{"logTime": "0413/114501", "correlationVector":"5U3n6QXEfldg5JjXSrT1P0.2","action":"Commit Response", "result":"Success", "context":Result: Success. cV=5U3n6QXEfldg5JjXSrT1P0.0;server=akswtt11300001q;cloudType=Consumer;environment=Prod_francecentral_prod-s01-062-eur-francecentral;migrationStage=NotStarted}
{"logTime": "0413/114904", "correlationVector":"KwWaER38O1dWTiv+C5tV45.1","action":"SyncServerConnectionManagerRequest", "result":"SYNC_SERVER_OK", "context":{"environment":"Prod_francecentral_prod-s01-062-eur-francecentral", "migrationStage":"NotStarted", "server":"akswtt113000001"}}
{"logTime": "0413/114904", "correlationVector":"KwWaER38O1dWTiv+C5tV45.2","action":"ProcessGetUpdates", "result":"Done", "context":{"dataType":"Encryption Keys", "deleted":"0", "process_failed_to_decrypt":"0", "process_pending_decryption":"0", "process_success":"1", "total":"1"}}
{"logTime": "0413/114906", "correlationVector":"HT2lhn2DefyTudDZ6+u+fN","action":"SyncServerConnectionManagerRequest", "result":"SYNC_SERVER_OK", "context":{"environment":"", "migrationStage":"", "server":""}}
{"logTime": "0413/114906", "correlationVector":"HT2lhn2DefyTudDZ6+u+fN.0","action":"EncryptionKeysFetcher.DownloadKeys:", "result":"Success", "context":Key count: 1, Last key timestamp: 2026-02-20T01:54:20Z}
{"logTime": "0413/114906", "correlationVector":"HT2lhn2DefyTudDZ6+u+fN.1","action":"EncryptionKeysManager::SetEncryptionKeys:", "result":"Success", "context":Key names[1]:[18JoNNd7P1JAVjC8K1Nd5DNIAdv9AtXFZDFkWlFOSc/NZ0MPov1JPZHUqiSMjFcqwYt/mwZ/CA4xA0H3hv7mEg==]}
{"logTime": "0413/114906", "correlationVector":"HT2lhn2DefyTudDZ6+u+fN.2","action":"EncryptionKeysManager::SetEncryptionKeysWithTimestamps:", "result":"Success", "context":Key timestamps[1]:[2026-02-20T01:54:20Z]}
{"logTime": "0413/114906", "correlationVector":"KwWaER38O1dWTiv+C5tV45","action":"Initial GetUpdates", "result":"", "context":Reason: NEW_CLIENT. cV=KwWaER38O1dWTiv+C5tV45}
{"logTime": "0413/114906", "correlationVector":"KwWaER38O1dWTiv+C5tV45.3","action":"GetUpdates Response", "result":"Success", "context":Received 1 update(s). cV=KwWaER38O1dWTiv+C5tV45.0;server=akswtt113000001;cloudType=Consumer;environment=Prod_francecentral_prod-s01-062-eur-francecentral;migrationStage=NotStarted}
{"logTime": "0413/114906", "correlationVector":"bGPdVwhOKYdMX4do4Ok3lL","action":"Normal GetUpdate request", "result":"", "context":cV=bGPdVwhOKYdMX4do4Ok3lL
Nudged types: Sessions, Device Info, History
Refresh requested types: Bookmarks, Preferences, Passwords, Autofill Profiles, Autofill, Extensions, Sessions, Extension settings, History Delete Directives, Device Info, User Consents, Send Tab To Self, Web Apps, History, Saved Tab Group, WebAuthn Credentials, Collection, Edge E Drop, Edge Hub App Usage, Edge Wallet, Edge Workspace, Encryption Keys}
{"logTime": "0413/114906", "correlationVector":"bGPdVwhOKYdMX4do4Ok3lL.1","action":"SyncServerConnectionManagerRequest", "result":"SYNC_SERVER_OK", "context":{"environment":"Prod_francecentral_prod-s01-062-eur-francecentral", "migrationStage":"NotStarted", "server":"akswtt113000009"}}
{"logTime": "0413/114906", "correlationVector":"bGPdVwhOKYdMX4do4Ok3lL.2","action":"ProcessGetUpdates", "result":"Done", "context":{"dataType":"Sessions", "deleted":"0", "process_failed_to_decrypt":"0", "process_pending_decryption":"0", "process_success":"2", "total":"2"}}
{"logTime": "0413/114906", "correlationVector":"bGPdVwhOKYdMX4do4Ok3lL.3","action":"ProcessGetUpdates", "result":"Done", "context":{"dataType":"Device Info", "deleted":"0", "process_failed_to_decrypt":"0", "process_pending_decryption":"0", "process_success":"1", "total":"1"}}
{"logTime": "0413/114906", "correlationVector":"bGPdVwhOKYdMX4do4Ok3lL.4","action":"ProcessGetUpdates", "result":"Done", "context":{"dataType":"History", "deleted":"0", "process_failed_to_decrypt":"0", "process_pending_decryption":"0", "process_success":"1", "total":"1"}}
{"logTime": "0413/114906", "correlationVector":"bGPdVwhOKYdMX4do4Ok3lL.5","action":"GetUpdates Response", "result":"Success", "context":Received 4 update(s). cV=bGPdVwhOKYdMX4do4Ok3lL.0;server=akswtt113000009;cloudType=Consumer;environment=Prod_francecentral_prod-s01-062-eur-francecentral;migrationStage=NotStarted}
{"logTime": "0413/114906", "correlationVector":"gCahENgzV9pjx+H23b75wh","action":"Commit Request", "result":"", "context":Item count: 5
Contributing types: Sessions, Device Info, History}
{"logTime": "0413/114907", "correlationVector":"gCahENgzV9pjx+H23b75wh.1","action":"SyncServerConnectionManagerRequest", "result":"SYNC_SERVER_OK", "context":{"environment":"Prod_francecentral_prod-s01-062-eur-francecentral", "migrationStage":"NotStarted", "server":"akswtt11300000v"}}
{"logTime": "0413/114907", "correlationVector":"gCahENgzV9pjx+H23b75wh.3","action":"Commit.Sessions", "result":"Success", "context":{"id":"6e195b59-89ab-48d9-8bb4-c5227eb2bcf8", "isDeleted":"true", "size":"0", "version":"1776080701190"}}
{"logTime": "0413/114907", "correlationVector":"gCahENgzV9pjx+H23b75wh.2","action":"Commit Response", "result":"Success", "context":Result: Success. cV=gCahENgzV9pjx+H23b75wh.0;server=akswtt11300000v;cloudType=Consumer;environment=Prod_francecentral_prod-s01-062-eur-francecentral;migrationStage=NotStarted}
{"logTime": "0413/115013", "correlationVector":"jm/WluszWGgUDTRifT1ddJ","action":"Commit Request", "result":"", "context":Item count: 2
Contributing types: Sessions, History}
{"logTime": "0413/115014", "correlationVector":"jm/WluszWGgUDTRifT1ddJ.1","action":"SyncServerConnectionManagerRequest", "result":"SYNC_SERVER_OK", "context":{"environment":"Prod_francecentral_prod-s01-062-eur-francecentral", "migrationStage":"NotStarted", "server":"akswtt113000006"}}
{"logTime": "0413/115014", "correlationVector":"jm/WluszWGgUDTRifT1ddJ.2","action":"Commit Response", "result":"Success", "context":Result: Success. cV=jm/WluszWGgUDTRifT1ddJ.0;server=akswtt113000006;cloudType=Consumer;environment=Prod_francecentral_prod-s01-062-eur-francecentral;migrationStage=NotStarted}
{"logTime": "0413/115207", "correlationVector":"CkhOlVeGFw0JQ9AAN8onoh","action":"Commit Request", "result":"", "context":Item count: 1
Contributing types: Sessions}
{"logTime": "0413/115209", "correlationVector":"CkhOlVeGFw0JQ9AAN8onoh.1","action":"SyncServerConnectionManagerRequest", "result":"SYNC_SERVER_OK", "context":{"environment":"Prod_francecentral_prod-s01-062-eur-francecentral", "migrationStage":"NotStarted", "server":"akswtt11300000d"}}
{"logTime": "0413/115209", "correlationVector":"CkhOlVeGFw0JQ9AAN8onoh.2","action":"Commit Response", "result":"Success", "context":Result: Success. cV=CkhOlVeGFw0JQ9AAN8onoh.0;server=akswtt11300000d;cloudType=Consumer;environment=Prod_francecentral_prod-s01-062-eur-francecentral;migrationStage=NotStarted}
{"logTime": "0413/121732", "correlationVector":"w8CmR9KZnH+rQGFGBIu/39.1","action":"SyncServerConnectionManagerRequest", "result":"SYNC_SERVER_OK", "context":{"environment":"Prod_westeurope_prod-s01-079-eur-westeurope", "migrationStage":"NotStarted", "server":"akswtt000000002"}}
{"logTime": "0413/121732", "correlationVector":"w8CmR9KZnH+rQGFGBIu/39.2","action":"ProcessGetUpdates", "result":"Done", "context":{"dataType":"Encryption Keys", "deleted":"0", "process_failed_to_decrypt":"0", "process_pending_decryption":"0", "process_success":"1", "total":"1"}}
{"logTime": "0413/121739", "correlationVector":"ojqw4hA8W7gZmG26EBlq1Z","action":"SyncServerConnectionManagerRequest", "result":"SYNC_SERVER_OK", "context":{"environment":"", "migrationStage":"", "server":""}}
{"logTime": "0413/121739", "correlationVector":"ojqw4hA8W7gZmG26EBlq1Z.0","action":"EncryptionKeysFetcher.DownloadKeys:", "result":"Success", "context":Key count: 1, Last key timestamp: 2026-02-20T01:54:20Z}
{"logTime": "0413/121739", "correlationVector":"ojqw4hA8W7gZmG26EBlq1Z.1","action":"EncryptionKeysManager::SetEncryptionKeys:", "result":"Success", "context":Key names[1]:[18JoNNd7P1JAVjC8K1Nd5DNIAdv9AtXFZDFkWlFOSc/NZ0MPov1JPZHUqiSMjFcqwYt/mwZ/CA4xA0H3hv7mEg==]}
{"logTime": "0413/121739", "correlationVector":"ojqw4hA8W7gZmG26EBlq1Z.2","action":"EncryptionKeysManager::SetEncryptionKeysWithTimestamps:", "result":"Success", "context":Key timestamps[1]:[2026-02-20T01:54:20Z]}
{"logTime": "0413/121739", "correlationVector":"w8CmR9KZnH+rQGFGBIu/39","action":"Initial GetUpdates", "result":"", "context":Reason: NEW_CLIENT. cV=w8CmR9KZnH+rQGFGBIu/39}
{"logTime": "0413/121739", "correlationVector":"w8CmR9KZnH+rQGFGBIu/39.3","action":"GetUpdates Response", "result":"Success", "context":Received 1 update(s). cV=w8CmR9KZnH+rQGFGBIu/39.0;server=akswtt000000002;cloudType=Consumer;environment=Prod_westeurope_prod-s01-079-eur-westeurope;migrationStage=NotStarted}
{"logTime": "0413/121739", "correlationVector":"Pxj9P0rNRh4VpK0bqBFcXP","action":"Initial GetUpdates", "result":"", "context":Reason: NEWLY_SUPPORTED_DATATYPE. cV=Pxj9P0rNRh4VpK0bqBFcXP}
{"logTime": "0413/121741", "correlationVector":"Pxj9P0rNRh4VpK0bqBFcXP.1","action":"SyncServerConnectionManagerRequest", "result":"SYNC_SERVER_OK", "context":{"environment":"Prod_westeurope_prod-s01-079-eur-westeurope", "migrationStage":"NotStarted", "server":"akswtt00000000f"}}
{"logTime": "0413/121741", "correlationVector":"Pxj9P0rNRh4VpK0bqBFcXP.2","action":"ProcessGetUpdates", "result":"Done", "context":{"dataType":"Preferences", "deleted":"0", "process_failed_to_decrypt":"0", "process_pending_decryption":"0", "process_success":"28", "total":"28"}}
{"logTime": "0413/121741", "correlationVector":"Pxj9P0rNRh4VpK0bqBFcXP.3","action":"ProcessGetUpdates", "result":"Done", "context":{"dataType":"Device Info", "deleted":"0", "process_failed_to_decrypt":"0", "process_pending_decryption":"0", "process_success":"8", "total":"8"}}
{"logTime": "0413/121741", "correlationVector":"Pxj9P0rNRh4VpK0bqBFcXP.4","action":"GetUpdates Response", "result":"Success", "context":Received 36 update(s). cV=Pxj9P0rNRh4VpK0bqBFcXP.0;server=akswtt00000000f;cloudType=Consumer;environment=Prod_westeurope_prod-s01-079-eur-westeurope;migrationStage=NotStarted}
{"logTime": "0413/121741", "correlationVector":"VrhWUv9MwhoLPtA9a/p+h1","action":"Initial GetUpdates", "result":"", "context":Reason: NEWLY_SUPPORTED_DATATYPE. cV=VrhWUv9MwhoLPtA9a/p+h1}
{"logTime": "0413/121744", "correlationVector":"VrhWUv9MwhoLPtA9a/p+h1.1","action":"SyncServerConnectionManagerRequest", "result":"SYNC_SERVER_OK", "context":{"environment":"Prod_westeurope_prod-s01-079-eur-westeurope", "migrationStage":"NotStarted", "server":"akswtt00000001b"}}
{"logTime": "0413/121744", "correlationVector":"VrhWUv9MwhoLPtA9a/p+h1.2","action":"ProcessGetUpdates", "result":"Done", "context":{"dataType":"Bookmarks", "deleted":"0", "process_failed_to_decrypt":"0", "process_pending_decryption":"0", "process_success":"6", "total":"6"}}
{"logTime": "0413/121744", "correlationVector":"VrhWUv9MwhoLPtA9a/p+h1.3","action":"GetUpdates Response", "result":"Success", "context":Received 6 update(s). cV=VrhWUv9MwhoLPtA9a/p+h1.0;server=akswtt00000001b;cloudType=Consumer;environment=Prod_westeurope_prod-s01-079-eur-westeurope;migrationStage=NotStarted}
{"logTime": "0413/121744", "correlationVector":"0IaZJ4Ew8MpIrG1nskGBbW","action":"Initial GetUpdates", "result":"", "context":Reason: NEWLY_SUPPORTED_DATATYPE. cV=0IaZJ4Ew8MpIrG1nskGBbW}
{"logTime": "0413/121746", "correlationVector":"0IaZJ4Ew8MpIrG1nskGBbW.1","action":"SyncServerConnectionManagerRequest", "result":"SYNC_SERVER_OK", "context":{"environment":"Prod_germanywestcentral_prod-s01-011-eur-germanywestcentral", "migrationStage":"NotStarted", "server":"akswtt00300000k"}}
{"logTime": "0413/121746", "correlationVector":"0IaZJ4Ew8MpIrG1nskGBbW.2","action":"ProcessGetUpdates", "result":"Done", "context":{"dataType":"Autofill", "deleted":"0", "process_failed_to_decrypt":"0", "process_pending_decryption":"0", "process_success":"1", "total":"1"}}
{"logTime": "0413/121746", "correlationVector":"0IaZJ4Ew8MpIrG1nskGBbW.3","action":"ProcessGetUpdates", "result":"Done", "context":{"dataType":"Sessions", "deleted":"2", "process_failed_to_decrypt":"0", "process_pending_decryption":"0", "process_success":"11", "total":"11"}}
{"logTime": "0413/121746", "correlationVector":"0IaZJ4Ew8MpIrG1nskGBbW.4","action":"GetUpdates Response", "result":"Success", "context":Received 12 update(s). cV=0IaZJ4Ew8MpIrG1nskGBbW.0;server=akswtt00300000k;cloudType=Consumer;environment=Prod_germanywestcentral_prod-s01-011-eur-germanywestcentral;migrationStage=NotStarted}
{"logTime": "0413/121746", "correlationVector":"RATsDFKkLPDM05i0sFUJrt","action":"Initial GetUpdates", "result":"", "context":Reason: NEWLY_SUPPORTED_DATATYPE. cV=RATsDFKkLPDM05i0sFUJrt}
{"logTime": "0413/121750", "correlationVector":"RATsDFKkLPDM05i0sFUJrt.1","action":"SyncServerConnectionManagerRequest", "result":"SYNC_SERVER_OK", "context":{"environment":"Prod_francecentral_prod-s01-062-eur-francecentral", "migrationStage":"NotStarted", "server":"akswtt11300001o"}}
{"logTime": "0413/121750", "correlationVector":"RATsDFKkLPDM05i0sFUJrt.2","action":"ProcessGetUpdates", "result":"Done", "context":{"dataType":"History", "deleted":"0", "process_failed_to_decrypt":"0", "process_pending_decryption":"0", "process_success":"7", "total":"7"}}
{"logTime": "0413/121750", "correlationVector":"RATsDFKkLPDM05i0sFUJrt.3","action":"GetUpdates Response", "result":"Success", "context":Received 7 update(s). cV=RATsDFKkLPDM05i0sFUJrt.0;server=akswtt11300001o;cloudType=Consumer;environment=Prod_francecentral_prod-s01-062-eur-francecentral;migrationStage=NotStarted}
{"logTime": "0413/121750", "correlationVector":"4opFVZ2aRGxLC+TNtkZIPe","action":"Normal GetUpdate request", "result":"", "context":cV=4opFVZ2aRGxLC+TNtkZIPe
Nudged types: Sessions, Device Info
Refresh requested types: Bookmarks, Preferences, Passwords, Autofill Profiles, Autofill, Extensions, Sessions, Extension settings, History Delete Directives, Device Info, User Consents, Send Tab To Self, Web Apps, History, Saved Tab Group, WebAuthn Credentials, Collection, Edge E Drop, Edge Hub App Usage, Edge Wallet, Edge Workspace, Encryption Keys}
{"logTime": "0413/121753", "correlationVector":"4opFVZ2aRGxLC+TNtkZIPe.1","action":"SyncServerConnectionManagerRequest", "result":"SYNC_SERVER_OK", "context":{"environment":"Prod_germanywestcentral_prod-s01-011-eur-germanywestcentral", "migrationStage":"NotStarted", "server":"akswtt00300000k"}}
{"logTime": "0413/121753", "correlationVector":"4opFVZ2aRGxLC+TNtkZIPe.2","action":"GetUpdates Response", "result":"Success", "context":Received 0 update(s). cV=4opFVZ2aRGxLC+TNtkZIPe.0;server=akswtt00300000k;cloudType=Consumer;environment=Prod_germanywestcentral_prod-s01-011-eur-germanywestcentral;migrationStage=NotStarted}
{"logTime": "0413/121753", "correlationVector":"B07MvoXvW7Eg1QRZ8VuuLN","action":"DoCompareDataConsistency requsted types: ", "result":"Bookmarks, Preferences, Passwords, Extensions, Extension settings, History Delete Directives, Send Tab To Self, Web Apps, History, Saved Tab Group, WebAuthn Credentials, Collection, Edge E Drop, Edge Wallet, Edge Workspace, Encryption Keys"}
{"logTime": "0413/121753", "correlationVector":"B07MvoXvW7Eg1QRZ8VuuLN.0","action":"CompareDataConsistency result: ", "result":"Compare result: Encryption Keys is consistent. local entities count is: 1 local entities hash is: FiTGEOriqyhHLc4mdvYwAm7ZfZY="}
{"logTime": "0413/121753", "correlationVector":"B07MvoXvW7Eg1QRZ8VuuLN.1","action":"CompareDataConsistency result: ", "result":"Compare result: Bookmarks is consistent. local entities count is: 0 local entities hash is: "}
{"logTime": "0413/121753", "correlationVector":"B07MvoXvW7Eg1QRZ8VuuLN.2","action":"CompareDataConsistency result: ", "result":"Compare result: Preferences is consistent. local entities count is: 28 local entities hash is: Cp2yt/rcIrwM96aWdvqdpCjXayw="}
{"logTime": "0413/121753", "correlationVector":"B07MvoXvW7Eg1QRZ8VuuLN.3","action":"CompareDataConsistency result: ", "result":"Compare result: Extensions is consistent. local entities count is: 0 local entities hash is: "}
{"logTime": "0413/121753", "correlationVector":"B07MvoXvW7Eg1QRZ8VuuLN.4","action":"CompareDataConsistency result: ", "result":"Compare result: Extension settings is consistent. local entities count is: 0 local entities hash is: "}
{"logTime": "0413/121753", "correlationVector":"B07MvoXvW7Eg1QRZ8VuuLN.5","action":"CompareDataConsistency result: ", "result":"Compare result: History Delete Directives is consistent. local entities count is: 0 local entities hash is: "}
{"logTime": "0413/121753", "correlationVector":"B07MvoXvW7Eg1QRZ8VuuLN.6","action":"CompareDataConsistency result: ", "result":"Server did not send this Send Tab To Self local entities count is: 0 local entities hash is: "}
{"logTime": "0413/121753", "correlationVector":"B07MvoXvW7Eg1QRZ8VuuLN.7","action":"CompareDataConsistency result: ", "result":"Compare result: Web Apps is consistent. local entities count is: 0 local entities hash is: "}
{"logTime": "0413/121753", "correlationVector":"B07MvoXvW7Eg1QRZ8VuuLN.8","action":"CompareDataConsistency result: ", "result":"Server did not send this History local entities count is: 0 local entities hash is: "}
{"logTime": "0413/121753", "correlationVector":"B07MvoXvW7Eg1QRZ8VuuLN.9","action":"CompareDataConsistency result: ", "result":"Compare result: Saved Tab Group is consistent. local entities count is: 0 local entities hash is: "}
{"logTime": "0413/121753", "correlationVector":"B07MvoXvW7Eg1QRZ8VuuLN.10","action":"CompareDataConsistency result: ", "result":"Server did not send this WebAuthn Credentials local entities count is: 0 local entities hash is: "}
{"logTime": "0413/121753", "correlationVector":"B07MvoXvW7Eg1QRZ8VuuLN.11","action":"CompareDataConsistency result: ", "result":"Compare result: Collection is consistent. local entities count is: 0 local entities hash is: "}
{"logTime": "0413/121753", "correlationVector":"B07MvoXvW7Eg1QRZ8VuuLN.12","action":"CompareDataConsistency result: ", "result":"Compare result: Edge E Drop is consistent. local entities count is: 0 local entities hash is: "}
{"logTime": "0413/121753", "correlationVector":"B07MvoXvW7Eg1QRZ8VuuLN.13","action":"CompareDataConsistency result: ", "result":"Compare result: Edge Wallet is consistent. local entities count is: 0 local entities hash is: "}
{"logTime": "0413/121753", "correlationVector":"B07MvoXvW7Eg1QRZ8VuuLN.14","action":"CompareDataConsistency result: ", "result":"Server did not send this Edge Workspace local entities count is: 0 local entities hash is: "}
{"logTime": "0413/121753", "correlationVector":"B07MvoXvW7Eg1QRZ8VuuLN.15","action":"CompareDataConsistency result: ", "result":"Compare result: Passwords is consistent. local entities count is: 0 local entities hash is: "}
{"logTime": "0413/121753", "correlationVector":"Dk58LavVDrKGWtWb0FZSjd","action":"Commit Request", "result":"", "context":Item count: 3
Contributing types: Sessions, Device Info}
{"logTime": "0413/121757", "correlationVector":"Dk58LavVDrKGWtWb0FZSjd.1","action":"SyncServerConnectionManagerRequest", "result":"SYNC_SERVER_OK", "context":{"environment":"Prod_westeurope_prod-s01-079-eur-westeurope", "migrationStage":"NotStarted", "server":"akswtt00000000f"}}
{"logTime": "0413/121757", "correlationVector":"Dk58LavVDrKGWtWb0FZSjd.2","action":"Commit Response", "result":"Success", "context":Result: Success. cV=Dk58LavVDrKGWtWb0FZSjd.0;server=akswtt00000000f;cloudType=Consumer;environment=Prod_westeurope_prod-s01-079-eur-westeurope;migrationStage=NotStarted}
{"logTime": "0413/121758", "correlationVector":"","action":"DIAGNOSTIC_REQUEST|v1/diagnosticData/Diagnostic.SendCheckResult()|SUCCESS", "result":""}
{"logTime": "0413/121931", "correlationVector":"cgC7Dj5FvKqipxZeeKhN4U","action":"Commit Request", "result":"", "context":Item count: 4
Contributing types: Sessions, History}
{"logTime": "0413/121938", "correlationVector":"cgC7Dj5FvKqipxZeeKhN4U.1","action":"SyncServerConnectionManagerRequest", "result":"SYNC_SERVER_ERROR", "context":{"environment":"Prod_westeurope_prod-s01-080-eur-westeurope", "error_type":"http_status_code", "error_value":"400", "migrationStage":"NotStarted", "server":"akswtt00000000g"}}
{"logTime": "0413/121938", "correlationVector":"cgC7Dj5FvKqipxZeeKhN4U.2","action":"Commit Response", "result":"HTTP error (400)", "context":Result: HTTP error (400). cV=cgC7Dj5FvKqipxZeeKhN4U.0;server=akswtt00000000g;cloudType=Consumer;environment=Prod_westeurope_prod-s01-080-eur-westeurope;migrationStage=NotStarted}
{"logTime": "0413/122053", "correlationVector":"XuqE/w9Db7u1+N5yKnfsWL","action":"Commit Request", "result":"", "context":Item count: 4
Contributing types: Sessions, History}
{"logTime": "0413/122055", "correlationVector":"XuqE/w9Db7u1+N5yKnfsWL.1","action":"SyncServerConnectionManagerRequest", "result":"SYNC_SERVER_OK", "context":{"environment":"Prod_germanywestcentral_prod-s01-011-eur-germanywestcentral", "migrationStage":"NotStarted", "server":"akswtt003000006"}}
{"logTime": "0413/122055", "correlationVector":"XuqE/w9Db7u1+N5yKnfsWL.2","action":"Commit Response", "result":"Success", "context":Result: Success. cV=XuqE/w9Db7u1+N5yKnfsWL.0;server=akswtt003000006;cloudType=Consumer;environment=Prod_germanywestcentral_prod-s01-011-eur-germanywestcentral;migrationStage=NotStarted}
